#0 building with "multiarch" instance using docker-container driver

#1 [internal] load build definition from Dockerfile
#1 transferring dockerfile: 3.15kB done
#1 DONE 0.0s

#2 [auth] nvidia/cuda:pull token for registry-1.docker.io
#2 DONE 0.0s

#3 [internal] load metadata for docker.io/nvidia/cuda:12.2.0-runtime-ubuntu22.04
#3 DONE 1.6s

#4 [internal] load .dockerignore
#4 transferring context: 2B done
#4 DONE 0.0s

#5 [ 1/14] FROM docker.io/nvidia/cuda:12.2.0-runtime-ubuntu22.04@sha256:739e0bde7bafdb2ed9057865f53085539f51cbf8bd6bf719f2e114bab321e70e
#5 resolve docker.io/nvidia/cuda:12.2.0-runtime-ubuntu22.04@sha256:739e0bde7bafdb2ed9057865f53085539f51cbf8bd6bf719f2e114bab321e70e done
#5 DONE 0.0s

#6 [internal] load build context
#6 transferring context: 1.22kB done
#6 DONE 0.0s

#7 [ 2/14] WORKDIR /workspace
#7 CACHED

#8 [ 5/14] RUN python3 -m venv /workspace/LTX-Video/env &&     . /workspace/LTX-Video/env/bin/activate &&     /workspace/LTX-Video/env/bin/python -m pip install --upgrade pip &&     /workspace/LTX-Video/env/bin/python -m pip install --extra-index-url https://download.pytorch.org/whl/cu121 torch torchvision torchaudio &&     /workspace/LTX-Video/env/bin/python -m pip install -e '/workspace/LTX-Video[inference-script]' &&     /workspace/LTX-Video/env/bin/python -m pip install fastapi[all] celery redis &&     /workspace/LTX-Video/env/bin/python -m pip install git+https://github.com/huggingface/diffusers &&     /workspace/LTX-Video/env/bin/python -m pip install huggingface_hub imageio imageio-ffmpeg av runpod
#8 CACHED

#9 [10/14] COPY overlay/ /workspace/LTX-Video/
#9 CACHED

#10 [12/14] COPY entrypoint.sh /workspace/entrypoint.sh
#10 CACHED

#11 [11/14] COPY startup.sh /workspace/startup.sh
#11 CACHED

#12 [13/14] COPY rp_handler.py /workspace/rp_handler.py
#12 CACHED

#13 [ 4/14] RUN git clone --depth 1 --branch "main" "https://github.com/Lightricks/LTX-Video.git" /workspace/LTX-Video
#13 CACHED

#14 [ 9/14] RUN cd /workspace/LTX-Video &&     /workspace/LTX-Video/env/bin/python download_weights.py
#14 CACHED

#15 [ 7/14] COPY overlay/download_weights.py /workspace/LTX-Video/download_weights.py
#15 CACHED

#16 [ 8/14] COPY overlay/ltxv-13b-0.9.8-distilled.yaml /workspace/LTX-Video/ltxv-13b-0.9.8-distilled.yaml
#16 CACHED

#17 [ 6/14] RUN mkdir -p /workspace/.cache/huggingface
#17 CACHED

#18 [ 3/14] RUN apt-get update -y &&     apt-get install -y --no-install-recommends       git       python3       python3-venv       python3-pip       ffmpeg       curl       ca-certificates     && rm -rf /var/lib/apt/lists/*
#18 CACHED

#19 [14/14] RUN chmod +x /workspace/startup.sh /workspace/entrypoint.sh
#19 CACHED

#20 exporting to image
#20 exporting layers done
#20 exporting manifest sha256:da48384d86bf7b00a86e3c314a0cb313ce851324fe850611fadeeb38cc03d6a2 done
#20 exporting config sha256:25ed0d42dbc8ef0332f3b9bf787b02bf12cb0594dca515edc1beed56272e73c9 done
#20 exporting attestation manifest sha256:dbeb76fff1b049687143cd59ff6a24826e7e43131a6989c13dd49ce70cb9bf2a done
#20 exporting manifest list sha256:ef92cfd4af0bb0b29742c59118429af03a4d38636c18d6c766204cf95450a893 done
#20 pushing layers
#20 ...

#21 [auth] koder007/ltxv-runpod:pull,push token for registry-1.docker.io
#21 DONE 0.0s

#20 exporting to image
